<?xml version="1.0" encoding="utf-8"?><testsuites name="pytest tests"><testsuite name="pytest" errors="0" failures="0" skipped="0" tests="26" time="6.914" timestamp="2026-06-12T18:45:35.831432+00:00" hostname="agent-env-75d1ba24-faf0-4575-8ebc-d24182dd4bc5"><testcase classname="backend.tests.test_admin_v2_api.TestLogin" name="test_admin_login_returns_user_payload" time="0.385" /><testcase classname="backend.tests.test_admin_v2_api.TestLogin" name="test_login_wrong_password_401" time="0.283" /><testcase classname="backend.tests.test_admin_v2_api.TestLogin" name="test_login_unknown_email_401" time="0.048" /><testcase classname="backend.tests.test_admin_v2_api.TestLogin" name="test_legacy_password_only_login_rejected" time="0.049" /><testcase classname="backend.tests.test_admin_v2_api.TestMeAndStats" name="test_me_no_token_401" time="0.057" /><testcase classname="backend.tests.test_admin_v2_api.TestMeAndStats" name="test_me_with_token" time="0.320" /><testcase classname="backend.tests.test_admin_v2_api.TestMeAndStats" name="test_stats_shape" time="0.053" /><testcase classname="backend.tests.test_admin_v2_api.TestPagesCRUD" name="test_create_auto_slugifies" time="0.104" /><testcase classname="backend.tests.test_admin_v2_api.TestPagesCRUD" name="test_patch_updates_fields" time="0.255" /><testcase classname="backend.tests.test_admin_v2_api.TestPagesCRUD" name="test_orphan_child_on_parent_delete" time="0.256" /><testcase classname="backend.tests.test_admin_v2_api.TestPagesBulk" name="test_bulk_unpublish_then_publish_then_delete" time="0.448" /><testcase classname="backend.tests.test_admin_v2_api.TestPublicPages" name="test_public_only_published" time="0.053" /><testcase classname="backend.tests.test_admin_v2_api.TestPublicPages" name="test_public_get_by_slug_published" time="0.047" /><testcase classname="backend.tests.test_admin_v2_api.TestPublicPages" name="test_public_get_draft_404" time="0.158" /><testcase classname="backend.tests.test_admin_v2_api.TestPublicPages" name="test_public_unknown_slug_404" time="0.046" /><testcase classname="backend.tests.test_admin_v2_api.TestMedia" name="test_upload_png_and_lifecycle" time="0.338" /><testcase classname="backend.tests.test_admin_v2_api.TestMedia" name="test_upload_rejects_html" time="0.051" /><testcase classname="backend.tests.test_admin_v2_api.TestUsersAndRBAC" name="test_create_editor_user_and_login" time="1.119" /><testcase classname="backend.tests.test_admin_v2_api.TestUsersAndRBAC" name="test_viewer_rbac" time="0.756" /><testcase classname="backend.tests.test_admin_v2_api.TestUsersAndRBAC" name="test_patch_role_works" time="0.378" /><testcase classname="backend.tests.test_admin_v2_api.TestUsersAndRBAC" name="test_delete_self_blocked" time="0.093" /><testcase classname="backend.tests.test_admin_v2_api.TestUsersAndRBAC" name="test_delete_last_admin_blocked" time="0.147" /><testcase classname="backend.tests.test_admin_v2_api.TestSettings" name="test_get_defaults_and_patch_roundtrip" time="0.199" /><testcase classname="backend.tests.test_admin_v2_api.TestNewsletterBulkDelete" name="test_bulk_delete" time="0.263" /><testcase classname="backend.tests.test_admin_v2_api.TestBruteForceLockout" name="test_5_wrong_locks_account" time="0.588" /><testcase classname="backend.tests.test_admin_v2_api.TestLegacyStillWorks" name="test_admin_waitlist_inquiries_newsletter_journal" time="0.345" /></testsuite></testsuites>