<?xml version="1.0" encoding="utf-8"?><testsuites name="pytest tests"><testsuite name="pytest" errors="0" failures="0" skipped="0" tests="21" time="12.788" timestamp="2026-05-15T23:39:43.697586+00:00" hostname="agent-env-75d1ba24-faf0-4575-8ebc-d24182dd4bc5"><testcase classname="backend.tests.test_decks_api.TestDeckAuthGuards" name="test_preview_requires_auth" time="0.311" /><testcase classname="backend.tests.test_decks_api.TestDeckAuthGuards" name="test_regenerate_requires_auth" time="0.064" /><testcase classname="backend.tests.test_decks_api.TestDeckAuthGuards" name="test_list_requires_auth" time="0.047" /><testcase classname="backend.tests.test_decks_api.TestDeckAuthGuards" name="test_create_requires_auth" time="0.048" /><testcase classname="backend.tests.test_decks_api.TestDeckAuthGuards" name="test_patch_requires_auth" time="0.046" /><testcase classname="backend.tests.test_decks_api.TestDeckAuthGuards" name="test_delete_requires_auth" time="0.045" /><testcase classname="backend.tests.test_decks_api.TestPreview" name="test_preview_empty_returns_422" time="0.049" /><testcase classname="backend.tests.test_decks_api.TestPreview" name="test_preview_missing_field_returns_422" time="0.047" /><testcase classname="backend.tests.test_decks_api.TestPreview" name="test_preview_returns_personalization_without_saving" time="2.962" /><testcase classname="backend.tests.test_decks_api.TestRegenerateIntro" name="test_regenerate_empty_returns_422" time="0.048" /><testcase classname="backend.tests.test_decks_api.TestRegenerateIntro" name="test_regenerate_returns_intro_text" time="2.728" /><testcase classname="backend.tests.test_decks_api.TestDeckLifecycle" name="test_create_deck_with_slug_format" time="2.816" /><testcase classname="backend.tests.test_decks_api.TestDeckLifecycle" name="test_create_empty_name_returns_422" time="0.047" /><testcase classname="backend.tests.test_decks_api.TestDeckLifecycle" name="test_list_decks_sorted_newest_first" time="2.591" /><testcase classname="backend.tests.test_decks_api.TestDeckLifecycle" name="test_patch_deck_updates_fields" time="0.096" /><testcase classname="backend.tests.test_decks_api.TestDeckLifecycle" name="test_patch_empty_payload_returns_422" time="0.049" /><testcase classname="backend.tests.test_decks_api.TestDeckLifecycle" name="test_patch_unknown_id_returns_404" time="0.047" /><testcase classname="backend.tests.test_decks_api.TestDeckLifecycle" name="test_public_get_increments_view_count" time="0.233" /><testcase classname="backend.tests.test_decks_api.TestDeckLifecycle" name="test_public_get_unknown_slug_404" time="0.126" /><testcase classname="backend.tests.test_decks_api.TestDeckLifecycle" name="test_delete_unknown_id_returns_404" time="0.046" /><testcase classname="backend.tests.test_decks_api.TestDeckLifecycle" name="test_delete_deck_and_verify_removal" time="0.248" /></testsuite></testsuites>