<?xml version="1.0" encoding="utf-8"?><testsuites name="pytest tests"><testsuite name="pytest" errors="0" failures="0" skipped="0" tests="50" time="10.999" timestamp="2026-06-12T20:21:05.103270+00:00" hostname="agent-env-75d1ba24-faf0-4575-8ebc-d24182dd4bc5"><testcase classname="backend.tests.test_admin_v2_api.TestLogin" name="test_admin_login_returns_user_payload" time="0.408" /><testcase classname="backend.tests.test_admin_v2_api.TestLogin" name="test_login_wrong_password_401" time="0.275" /><testcase classname="backend.tests.test_admin_v2_api.TestLogin" name="test_login_unknown_email_401" time="0.046" /><testcase classname="backend.tests.test_admin_v2_api.TestLogin" name="test_legacy_password_only_login_rejected" time="0.047" /><testcase classname="backend.tests.test_admin_v2_api.TestMeAndStats" name="test_me_no_token_401" time="0.044" /><testcase classname="backend.tests.test_admin_v2_api.TestMeAndStats" name="test_me_with_token" time="0.318" /><testcase classname="backend.tests.test_admin_v2_api.TestMeAndStats" name="test_stats_shape" time="0.051" /><testcase classname="backend.tests.test_admin_v2_api.TestPagesCRUD" name="test_create_auto_slugifies" time="0.108" /><testcase classname="backend.tests.test_admin_v2_api.TestPagesCRUD" name="test_patch_updates_fields" time="0.237" /><testcase classname="backend.tests.test_admin_v2_api.TestPagesCRUD" name="test_orphan_child_on_parent_delete" time="0.231" /><testcase classname="backend.tests.test_admin_v2_api.TestPagesBulk" name="test_bulk_unpublish_then_publish_then_delete" time="0.428" /><testcase classname="backend.tests.test_admin_v2_api.TestPublicPages" name="test_public_only_published" time="0.047" /><testcase classname="backend.tests.test_admin_v2_api.TestPublicPages" name="test_public_get_by_slug_published" time="0.047" /><testcase classname="backend.tests.test_admin_v2_api.TestPublicPages" name="test_public_get_draft_404" time="0.141" /><testcase classname="backend.tests.test_admin_v2_api.TestPublicPages" name="test_public_unknown_slug_404" time="0.047" /><testcase classname="backend.tests.test_admin_v2_api.TestMedia" name="test_upload_png_and_lifecycle" time="0.246" /><testcase classname="backend.tests.test_admin_v2_api.TestMedia" name="test_upload_rejects_html" time="0.047" /><testcase classname="backend.tests.test_admin_v2_api.TestUsersAndRBAC" name="test_create_editor_user_and_login" time="0.819" /><testcase classname="backend.tests.test_admin_v2_api.TestUsersAndRBAC" name="test_viewer_rbac" time="0.742" /><testcase classname="backend.tests.test_admin_v2_api.TestUsersAndRBAC" name="test_patch_role_works" time="0.376" /><testcase classname="backend.tests.test_admin_v2_api.TestUsersAndRBAC" name="test_delete_self_blocked" time="0.100" /><testcase classname="backend.tests.test_admin_v2_api.TestUsersAndRBAC" name="test_delete_last_admin_blocked" time="0.143" /><testcase classname="backend.tests.test_admin_v2_api.TestSettings" name="test_get_defaults_and_patch_roundtrip" time="0.189" /><testcase classname="backend.tests.test_admin_v2_api.TestNewsletterBulkDelete" name="test_bulk_delete" time="0.257" /><testcase classname="backend.tests.test_admin_v2_api.TestBruteForceLockout" name="test_5_wrong_locks_account" time="0.591" /><testcase classname="backend.tests.test_admin_v2_api.TestLegacyStillWorks" name="test_admin_waitlist_inquiries_newsletter_journal" time="0.327" /><testcase classname="backend.tests.test_products_and_content.TestAdminProducts" name="test_admin_list_returns_all_products" time="0.423" /><testcase classname="backend.tests.test_products_and_content.TestAdminProducts" name="test_admin_list_requires_auth" time="0.049" /><testcase classname="backend.tests.test_products_and_content.TestAdminProducts" name="test_admin_list_viewer_forbidden" time="0.621" /><testcase classname="backend.tests.test_products_and_content.TestAdminProducts" name="test_admin_list_editor_allowed" time="0.607" /><testcase classname="backend.tests.test_products_and_content.TestAdminProducts" name="test_create_product_auto_slug" time="0.107" /><testcase classname="backend.tests.test_products_and_content.TestAdminProducts" name="test_create_duplicate_name_increments_slug" time="0.257" /><testcase classname="backend.tests.test_products_and_content.TestAdminProducts" name="test_create_invalid_status_422" time="0.057" /><testcase classname="backend.tests.test_products_and_content.TestAdminProducts" name="test_patch_updates_fields" time="0.280" /><testcase classname="backend.tests.test_products_and_content.TestAdminProducts" name="test_patch_empty_name_422" time="0.160" /><testcase classname="backend.tests.test_products_and_content.TestAdminProducts" name="test_patch_slug_collision_409" time="0.275" /><testcase classname="backend.tests.test_products_and_content.TestAdminProducts" name="test_delete_and_second_delete_404" time="0.170" /><testcase classname="backend.tests.test_products_and_content.TestAdminProducts" name="test_viewer_cannot_create_or_delete" time="0.122" /><testcase classname="backend.tests.test_products_and_content.TestPublicSiteContent" name="test_home_returns_defaults_flat_dict" time="0.055" /><testcase classname="backend.tests.test_products_and_content.TestPublicSiteContent" name="test_each_known_page_returns_200" time="0.320" /><testcase classname="backend.tests.test_products_and_content.TestPublicSiteContent" name="test_unknown_page_404" time="0.051" /><testcase classname="backend.tests.test_products_and_content.TestAdminSiteContent" name="test_requires_auth" time="0.051" /><testcase classname="backend.tests.test_products_and_content.TestAdminSiteContent" name="test_viewer_forbidden" time="0.050" /><testcase classname="backend.tests.test_products_and_content.TestAdminSiteContent" name="test_admin_returns_full_manifest" time="0.057" /><testcase classname="backend.tests.test_products_and_content.TestAdminSiteContent" name="test_editor_can_get" time="0.056" /><testcase classname="backend.tests.test_products_and_content.TestAdminSiteContent" name="test_patch_override_and_reset" time="0.267" /><testcase classname="backend.tests.test_products_and_content.TestAdminSiteContent" name="test_patch_drops_unknown_keys_silently" time="0.112" /><testcase classname="backend.tests.test_products_and_content.TestAdminSiteContent" name="test_patch_unknown_page_404" time="0.063" /><testcase classname="backend.tests.test_products_and_content.TestAdminSiteContent" name="test_viewer_cannot_patch" time="0.056" /><testcase classname="backend.tests.test_products_and_content.TestAdminSiteContent" name="test_editor_can_patch" time="0.326" /></testsuite></testsuites>