<?xml version="1.0" encoding="utf-8"?><testsuites name="pytest tests"><testsuite name="pytest" errors="21" failures="0" skipped="0" tests="85" time="16.429" timestamp="2026-06-12T21:39:45.323912+00:00" hostname="agent-env-75d1ba24-faf0-4575-8ebc-d24182dd4bc5"><testcase classname="backend.tests.test_revisions_and_decks.TestDeckTemplateMode" name="test_create_deck_default_template_mode" time="0.524" /><testcase classname="backend.tests.test_revisions_and_decks.TestDeckTemplateMode" name="test_create_deck_custom_mode_with_overrides" time="0.159" /><testcase classname="backend.tests.test_revisions_and_decks.TestDeckTemplateMode" name="test_create_deck_rejects_invalid_template_mode" time="0.052" /><testcase classname="backend.tests.test_revisions_and_decks.TestDeckTemplateMode" name="test_patch_deck_updates_mode_and_overrides" time="0.209" /><testcase classname="backend.tests.test_revisions_and_decks.TestPageRevisions" name="test_edit_writes_revision" time="0.215" /><testcase classname="backend.tests.test_revisions_and_decks.TestPageRevisions" name="test_get_revision_by_id" time="0.297" /><testcase classname="backend.tests.test_revisions_and_decks.TestPageRevisions" name="test_revert_writes_pre_revert_and_restores" time="0.422" /><testcase classname="backend.tests.test_revisions_and_decks.TestProductRevisions" name="test_revert_does_not_change_slug" time="0.320" /><testcase classname="backend.tests.test_revisions_and_decks.TestSiteContentRevisions" name="test_edit_writes_revision" time="0.209" /><testcase classname="backend.tests.test_revisions_and_decks.TestDeckRevisions" name="test_edit_writes_revision_and_revert_preserves_slug_id" time="0.318" /><testcase classname="backend.tests.test_revisions_and_decks.TestRevisionsValidation" name="test_invalid_doc_type_returns_422" time="0.156" /><testcase classname="backend.tests.test_revisions_and_decks.TestRevisionsValidation" name="test_missing_rev_id_returns_404" time="0.199" /><testcase classname="backend.tests.test_revisions_and_decks.TestRevisionsRBAC" name="test_viewer_forbidden" time="0.804" /><testcase classname="backend.tests.test_revisions_and_decks.TestRevisionsRBAC" name="test_editor_allowed" time="0.807" /><testcase classname="backend.tests.test_admin_v2_api.TestLogin" name="test_admin_login_returns_user_payload" time="0.373" /><testcase classname="backend.tests.test_admin_v2_api.TestLogin" name="test_login_wrong_password_401" time="0.280" /><testcase classname="backend.tests.test_admin_v2_api.TestLogin" name="test_login_unknown_email_401" time="0.058" /><testcase classname="backend.tests.test_admin_v2_api.TestLogin" name="test_legacy_password_only_login_rejected" time="0.064" /><testcase classname="backend.tests.test_admin_v2_api.TestMeAndStats" name="test_me_no_token_401" time="0.049" /><testcase classname="backend.tests.test_admin_v2_api.TestMeAndStats" name="test_me_with_token" time="0.328" /><testcase classname="backend.tests.test_admin_v2_api.TestMeAndStats" name="test_stats_shape" time="0.056" /><testcase classname="backend.tests.test_admin_v2_api.TestPagesCRUD" name="test_create_auto_slugifies" time="0.110" /><testcase classname="backend.tests.test_admin_v2_api.TestPagesCRUD" name="test_patch_updates_fields" time="0.266" /><testcase classname="backend.tests.test_admin_v2_api.TestPagesCRUD" name="test_orphan_child_on_parent_delete" time="0.295" /><testcase classname="backend.tests.test_admin_v2_api.TestPagesBulk" name="test_bulk_unpublish_then_publish_then_delete" time="0.534" /><testcase classname="backend.tests.test_admin_v2_api.TestPublicPages" name="test_public_only_published" time="0.053" /><testcase classname="backend.tests.test_admin_v2_api.TestPublicPages" name="test_public_get_by_slug_published" time="0.061" /><testcase classname="backend.tests.test_admin_v2_api.TestPublicPages" name="test_public_get_draft_404" time="0.171" /><testcase classname="backend.tests.test_admin_v2_api.TestPublicPages" name="test_public_unknown_slug_404" time="0.053" /><testcase classname="backend.tests.test_admin_v2_api.TestMedia" name="test_upload_png_and_lifecycle" time="0.288" /><testcase classname="backend.tests.test_admin_v2_api.TestMedia" name="test_upload_rejects_html" time="0.058" /><testcase classname="backend.tests.test_admin_v2_api.TestUsersAndRBAC" name="test_create_editor_user_and_login" time="0.854" /><testcase classname="backend.tests.test_admin_v2_api.TestUsersAndRBAC" name="test_viewer_rbac" time="0.813" /><testcase classname="backend.tests.test_admin_v2_api.TestUsersAndRBAC" name="test_patch_role_works" time="0.407" /><testcase classname="backend.tests.test_admin_v2_api.TestUsersAndRBAC" name="test_delete_self_blocked" time="0.112" /><testcase classname="backend.tests.test_admin_v2_api.TestUsersAndRBAC" name="test_delete_last_admin_blocked" time="0.180" /><testcase classname="backend.tests.test_admin_v2_api.TestSettings" name="test_get_defaults_and_patch_roundtrip" time="0.277" /><testcase classname="backend.tests.test_admin_v2_api.TestNewsletterBulkDelete" name="test_bulk_delete" time="0.299" /><testcase classname="backend.tests.test_admin_v2_api.TestBruteForceLockout" name="test_5_wrong_locks_account" time="0.675" /><testcase classname="backend.tests.test_admin_v2_api.TestLegacyStillWorks" name="test_admin_waitlist_inquiries_newsletter_journal" time="0.423" /><testcase classname="backend.tests.test_products_and_content.TestAdminProducts" name="test_admin_list_returns_all_products" time="0.428" /><testcase classname="backend.tests.test_products_and_content.TestAdminProducts" name="test_admin_list_requires_auth" time="0.045" /><testcase classname="backend.tests.test_products_and_content.TestAdminProducts" name="test_admin_list_viewer_forbidden" time="0.603" /><testcase classname="backend.tests.test_products_and_content.TestAdminProducts" name="test_admin_list_editor_allowed" time="0.600" /><testcase classname="backend.tests.test_products_and_content.TestAdminProducts" name="test_create_product_auto_slug" time="0.102" /><testcase classname="backend.tests.test_products_and_content.TestAdminProducts" name="test_create_duplicate_name_increments_slug" time="0.198" /><testcase classname="backend.tests.test_products_and_content.TestAdminProducts" name="test_create_invalid_status_422" time="0.052" /><testcase classname="backend.tests.test_products_and_content.TestAdminProducts" name="test_patch_updates_fields" time="0.255" /><testcase classname="backend.tests.test_products_and_content.TestAdminProducts" name="test_patch_empty_name_422" time="0.145" /><testcase classname="backend.tests.test_products_and_content.TestAdminProducts" name="test_patch_slug_collision_409" time="0.254" /><testcase classname="backend.tests.test_products_and_content.TestAdminProducts" name="test_delete_and_second_delete_404" time="0.145" /><testcase classname="backend.tests.test_products_and_content.TestAdminProducts" name="test_viewer_cannot_create_or_delete" time="0.103" /><testcase classname="backend.tests.test_products_and_content.TestPublicSiteContent" name="test_home_returns_defaults_flat_dict" time="0.050" /><testcase classname="backend.tests.test_products_and_content.TestPublicSiteContent" name="test_each_known_page_returns_200" time="0.359" /><testcase classname="backend.tests.test_products_and_content.TestPublicSiteContent" name="test_unknown_page_404" time="0.048" /><testcase classname="backend.tests.test_products_and_content.TestAdminSiteContent" name="test_requires_auth" time="0.051" /><testcase classname="backend.tests.test_products_and_content.TestAdminSiteContent" name="test_viewer_forbidden" time="0.048" /><testcase classname="backend.tests.test_products_and_content.TestAdminSiteContent" name="test_admin_returns_full_manifest" time="0.053" /><testcase classname="backend.tests.test_products_and_content.TestAdminSiteContent" name="test_editor_can_get" time="0.051" /><testcase classname="backend.tests.test_products_and_content.TestAdminSiteContent" name="test_patch_override_and_reset" time="0.254" /><testcase classname="backend.tests.test_products_and_content.TestAdminSiteContent" name="test_patch_drops_unknown_keys_silently" time="0.098" /><testcase classname="backend.tests.test_products_and_content.TestAdminSiteContent" name="test_patch_unknown_page_404" time="0.049" /><testcase classname="backend.tests.test_products_and_content.TestAdminSiteContent" name="test_viewer_cannot_patch" time="0.052" /><testcase classname="backend.tests.test_products_and_content.TestAdminSiteContent" name="test_editor_can_patch" time="0.309" /><testcase classname="backend.tests.test_decks_api.TestDeckAuthGuards" name="test_preview_requires_auth" time="0.115"><error message="failed on setup with &quot;AssertionError: login failed: 422 {&quot;detail&quot;:[{&quot;type&quot;:&quot;missing&quot;,&quot;loc&quot;:[&quot;body&quot;,&quot;email&quot;],&quot;msg&quot;:&quot;Field required&quot;,&quot;input&quot;:{&quot;password&quot;:&quot;zeva-admin-2026&quot;},&quot;url&quot;:&quot;https://errors.pydantic.dev/2.13/v/missing&quot;}]}&#10;assert 422 == 200&#10; +  where 422 = &lt;Response [422]&gt;.status_code&quot;">E   AssertionError: login failed: 422 {"detail":[{"type":"missing","loc":["body","email"],"msg":"Field required","input":{"password":"zeva-admin-2026"},"url":"https://errors.pydantic.dev/2.13/v/missing"}]}
    assert 422 == 200
     +  where 422 = &lt;Response [422]&gt;.status_code</error></testcase><testcase classname="backend.tests.test_decks_api.TestDeckAuthGuards" name="test_regenerate_requires_auth" time="0.000"><error message="failed on setup with &quot;AssertionError: login failed: 422 {&quot;detail&quot;:[{&quot;type&quot;:&quot;missing&quot;,&quot;loc&quot;:[&quot;body&quot;,&quot;email&quot;],&quot;msg&quot;:&quot;Field required&quot;,&quot;input&quot;:{&quot;password&quot;:&quot;zeva-admin-2026&quot;},&quot;url&quot;:&quot;https://errors.pydantic.dev/2.13/v/missing&quot;}]}&#10;assert 422 == 200&#10; +  where 422 = &lt;Response [422]&gt;.status_code&quot;">E   AssertionError: login failed: 422 {"detail":[{"type":"missing","loc":["body","email"],"msg":"Field required","input":{"password":"zeva-admin-2026"},"url":"https://errors.pydantic.dev/2.13/v/missing"}]}
    assert 422 == 200
     +  where 422 = &lt;Response [422]&gt;.status_code</error></testcase><testcase classname="backend.tests.test_decks_api.TestDeckAuthGuards" name="test_list_requires_auth" time="0.000"><error message="failed on setup with &quot;AssertionError: login failed: 422 {&quot;detail&quot;:[{&quot;type&quot;:&quot;missing&quot;,&quot;loc&quot;:[&quot;body&quot;,&quot;email&quot;],&quot;msg&quot;:&quot;Field required&quot;,&quot;input&quot;:{&quot;password&quot;:&quot;zeva-admin-2026&quot;},&quot;url&quot;:&quot;https://errors.pydantic.dev/2.13/v/missing&quot;}]}&#10;assert 422 == 200&#10; +  where 422 = &lt;Response [422]&gt;.status_code&quot;">E   AssertionError: login failed: 422 {"detail":[{"type":"missing","loc":["body","email"],"msg":"Field required","input":{"password":"zeva-admin-2026"},"url":"https://errors.pydantic.dev/2.13/v/missing"}]}
    assert 422 == 200
     +  where 422 = &lt;Response [422]&gt;.status_code</error></testcase><testcase classname="backend.tests.test_decks_api.TestDeckAuthGuards" name="test_create_requires_auth" time="0.000"><error message="failed on setup with &quot;AssertionError: login failed: 422 {&quot;detail&quot;:[{&quot;type&quot;:&quot;missing&quot;,&quot;loc&quot;:[&quot;body&quot;,&quot;email&quot;],&quot;msg&quot;:&quot;Field required&quot;,&quot;input&quot;:{&quot;password&quot;:&quot;zeva-admin-2026&quot;},&quot;url&quot;:&quot;https://errors.pydantic.dev/2.13/v/missing&quot;}]}&#10;assert 422 == 200&#10; +  where 422 = &lt;Response [422]&gt;.status_code&quot;">E   AssertionError: login failed: 422 {"detail":[{"type":"missing","loc":["body","email"],"msg":"Field required","input":{"password":"zeva-admin-2026"},"url":"https://errors.pydantic.dev/2.13/v/missing"}]}
    assert 422 == 200
     +  where 422 = &lt;Response [422]&gt;.status_code</error></testcase><testcase classname="backend.tests.test_decks_api.TestDeckAuthGuards" name="test_patch_requires_auth" time="0.000"><error message="failed on setup with &quot;AssertionError: login failed: 422 {&quot;detail&quot;:[{&quot;type&quot;:&quot;missing&quot;,&quot;loc&quot;:[&quot;body&quot;,&quot;email&quot;],&quot;msg&quot;:&quot;Field required&quot;,&quot;input&quot;:{&quot;password&quot;:&quot;zeva-admin-2026&quot;},&quot;url&quot;:&quot;https://errors.pydantic.dev/2.13/v/missing&quot;}]}&#10;assert 422 == 200&#10; +  where 422 = &lt;Response [422]&gt;.status_code&quot;">E   AssertionError: login failed: 422 {"detail":[{"type":"missing","loc":["body","email"],"msg":"Field required","input":{"password":"zeva-admin-2026"},"url":"https://errors.pydantic.dev/2.13/v/missing"}]}
    assert 422 == 200
     +  where 422 = &lt;Response [422]&gt;.status_code</error></testcase><testcase classname="backend.tests.test_decks_api.TestDeckAuthGuards" name="test_delete_requires_auth" time="0.000"><error message="failed on setup with &quot;AssertionError: login failed: 422 {&quot;detail&quot;:[{&quot;type&quot;:&quot;missing&quot;,&quot;loc&quot;:[&quot;body&quot;,&quot;email&quot;],&quot;msg&quot;:&quot;Field required&quot;,&quot;input&quot;:{&quot;password&quot;:&quot;zeva-admin-2026&quot;},&quot;url&quot;:&quot;https://errors.pydantic.dev/2.13/v/missing&quot;}]}&#10;assert 422 == 200&#10; +  where 422 = &lt;Response [422]&gt;.status_code&quot;">E   AssertionError: login failed: 422 {"detail":[{"type":"missing","loc":["body","email"],"msg":"Field required","input":{"password":"zeva-admin-2026"},"url":"https://errors.pydantic.dev/2.13/v/missing"}]}
    assert 422 == 200
     +  where 422 = &lt;Response [422]&gt;.status_code</error></testcase><testcase classname="backend.tests.test_decks_api.TestPreview" name="test_preview_empty_returns_422" time="0.000"><error message="failed on setup with &quot;AssertionError: login failed: 422 {&quot;detail&quot;:[{&quot;type&quot;:&quot;missing&quot;,&quot;loc&quot;:[&quot;body&quot;,&quot;email&quot;],&quot;msg&quot;:&quot;Field required&quot;,&quot;input&quot;:{&quot;password&quot;:&quot;zeva-admin-2026&quot;},&quot;url&quot;:&quot;https://errors.pydantic.dev/2.13/v/missing&quot;}]}&#10;assert 422 == 200&#10; +  where 422 = &lt;Response [422]&gt;.status_code&quot;">E   AssertionError: login failed: 422 {"detail":[{"type":"missing","loc":["body","email"],"msg":"Field required","input":{"password":"zeva-admin-2026"},"url":"https://errors.pydantic.dev/2.13/v/missing"}]}
    assert 422 == 200
     +  where 422 = &lt;Response [422]&gt;.status_code</error></testcase><testcase classname="backend.tests.test_decks_api.TestPreview" name="test_preview_missing_field_returns_422" time="0.000"><error message="failed on setup with &quot;AssertionError: login failed: 422 {&quot;detail&quot;:[{&quot;type&quot;:&quot;missing&quot;,&quot;loc&quot;:[&quot;body&quot;,&quot;email&quot;],&quot;msg&quot;:&quot;Field required&quot;,&quot;input&quot;:{&quot;password&quot;:&quot;zeva-admin-2026&quot;},&quot;url&quot;:&quot;https://errors.pydantic.dev/2.13/v/missing&quot;}]}&#10;assert 422 == 200&#10; +  where 422 = &lt;Response [422]&gt;.status_code&quot;">E   AssertionError: login failed: 422 {"detail":[{"type":"missing","loc":["body","email"],"msg":"Field required","input":{"password":"zeva-admin-2026"},"url":"https://errors.pydantic.dev/2.13/v/missing"}]}
    assert 422 == 200
     +  where 422 = &lt;Response [422]&gt;.status_code</error></testcase><testcase classname="backend.tests.test_decks_api.TestPreview" name="test_preview_returns_personalization_without_saving" time="0.000"><error message="failed on setup with &quot;AssertionError: login failed: 422 {&quot;detail&quot;:[{&quot;type&quot;:&quot;missing&quot;,&quot;loc&quot;:[&quot;body&quot;,&quot;email&quot;],&quot;msg&quot;:&quot;Field required&quot;,&quot;input&quot;:{&quot;password&quot;:&quot;zeva-admin-2026&quot;},&quot;url&quot;:&quot;https://errors.pydantic.dev/2.13/v/missing&quot;}]}&#10;assert 422 == 200&#10; +  where 422 = &lt;Response [422]&gt;.status_code&quot;">E   AssertionError: login failed: 422 {"detail":[{"type":"missing","loc":["body","email"],"msg":"Field required","input":{"password":"zeva-admin-2026"},"url":"https://errors.pydantic.dev/2.13/v/missing"}]}
    assert 422 == 200
     +  where 422 = &lt;Response [422]&gt;.status_code</error></testcase><testcase classname="backend.tests.test_decks_api.TestRegenerateIntro" name="test_regenerate_empty_returns_422" time="0.000"><error message="failed on setup with &quot;AssertionError: login failed: 422 {&quot;detail&quot;:[{&quot;type&quot;:&quot;missing&quot;,&quot;loc&quot;:[&quot;body&quot;,&quot;email&quot;],&quot;msg&quot;:&quot;Field required&quot;,&quot;input&quot;:{&quot;password&quot;:&quot;zeva-admin-2026&quot;},&quot;url&quot;:&quot;https://errors.pydantic.dev/2.13/v/missing&quot;}]}&#10;assert 422 == 200&#10; +  where 422 = &lt;Response [422]&gt;.status_code&quot;">E   AssertionError: login failed: 422 {"detail":[{"type":"missing","loc":["body","email"],"msg":"Field required","input":{"password":"zeva-admin-2026"},"url":"https://errors.pydantic.dev/2.13/v/missing"}]}
    assert 422 == 200
     +  where 422 = &lt;Response [422]&gt;.status_code</error></testcase><testcase classname="backend.tests.test_decks_api.TestRegenerateIntro" name="test_regenerate_returns_intro_text" time="0.000"><error message="failed on setup with &quot;AssertionError: login failed: 422 {&quot;detail&quot;:[{&quot;type&quot;:&quot;missing&quot;,&quot;loc&quot;:[&quot;body&quot;,&quot;email&quot;],&quot;msg&quot;:&quot;Field required&quot;,&quot;input&quot;:{&quot;password&quot;:&quot;zeva-admin-2026&quot;},&quot;url&quot;:&quot;https://errors.pydantic.dev/2.13/v/missing&quot;}]}&#10;assert 422 == 200&#10; +  where 422 = &lt;Response [422]&gt;.status_code&quot;">E   AssertionError: login failed: 422 {"detail":[{"type":"missing","loc":["body","email"],"msg":"Field required","input":{"password":"zeva-admin-2026"},"url":"https://errors.pydantic.dev/2.13/v/missing"}]}
    assert 422 == 200
     +  where 422 = &lt;Response [422]&gt;.status_code</error></testcase><testcase classname="backend.tests.test_decks_api.TestDeckLifecycle" name="test_create_deck_with_slug_format" time="0.000"><error message="failed on setup with &quot;AssertionError: login failed: 422 {&quot;detail&quot;:[{&quot;type&quot;:&quot;missing&quot;,&quot;loc&quot;:[&quot;body&quot;,&quot;email&quot;],&quot;msg&quot;:&quot;Field required&quot;,&quot;input&quot;:{&quot;password&quot;:&quot;zeva-admin-2026&quot;},&quot;url&quot;:&quot;https://errors.pydantic.dev/2.13/v/missing&quot;}]}&#10;assert 422 == 200&#10; +  where 422 = &lt;Response [422]&gt;.status_code&quot;">E   AssertionError: login failed: 422 {"detail":[{"type":"missing","loc":["body","email"],"msg":"Field required","input":{"password":"zeva-admin-2026"},"url":"https://errors.pydantic.dev/2.13/v/missing"}]}
    assert 422 == 200
     +  where 422 = &lt;Response [422]&gt;.status_code</error></testcase><testcase classname="backend.tests.test_decks_api.TestDeckLifecycle" name="test_create_empty_name_returns_422" time="0.000"><error message="failed on setup with &quot;AssertionError: login failed: 422 {&quot;detail&quot;:[{&quot;type&quot;:&quot;missing&quot;,&quot;loc&quot;:[&quot;body&quot;,&quot;email&quot;],&quot;msg&quot;:&quot;Field required&quot;,&quot;input&quot;:{&quot;password&quot;:&quot;zeva-admin-2026&quot;},&quot;url&quot;:&quot;https://errors.pydantic.dev/2.13/v/missing&quot;}]}&#10;assert 422 == 200&#10; +  where 422 = &lt;Response [422]&gt;.status_code&quot;">E   AssertionError: login failed: 422 {"detail":[{"type":"missing","loc":["body","email"],"msg":"Field required","input":{"password":"zeva-admin-2026"},"url":"https://errors.pydantic.dev/2.13/v/missing"}]}
    assert 422 == 200
     +  where 422 = &lt;Response [422]&gt;.status_code</error></testcase><testcase classname="backend.tests.test_decks_api.TestDeckLifecycle" name="test_list_decks_sorted_newest_first" time="0.000"><error message="failed on setup with &quot;AssertionError: login failed: 422 {&quot;detail&quot;:[{&quot;type&quot;:&quot;missing&quot;,&quot;loc&quot;:[&quot;body&quot;,&quot;email&quot;],&quot;msg&quot;:&quot;Field required&quot;,&quot;input&quot;:{&quot;password&quot;:&quot;zeva-admin-2026&quot;},&quot;url&quot;:&quot;https://errors.pydantic.dev/2.13/v/missing&quot;}]}&#10;assert 422 == 200&#10; +  where 422 = &lt;Response [422]&gt;.status_code&quot;">E   AssertionError: login failed: 422 {"detail":[{"type":"missing","loc":["body","email"],"msg":"Field required","input":{"password":"zeva-admin-2026"},"url":"https://errors.pydantic.dev/2.13/v/missing"}]}
    assert 422 == 200
     +  where 422 = &lt;Response [422]&gt;.status_code</error></testcase><testcase classname="backend.tests.test_decks_api.TestDeckLifecycle" name="test_patch_deck_updates_fields" time="0.000"><error message="failed on setup with &quot;AssertionError: login failed: 422 {&quot;detail&quot;:[{&quot;type&quot;:&quot;missing&quot;,&quot;loc&quot;:[&quot;body&quot;,&quot;email&quot;],&quot;msg&quot;:&quot;Field required&quot;,&quot;input&quot;:{&quot;password&quot;:&quot;zeva-admin-2026&quot;},&quot;url&quot;:&quot;https://errors.pydantic.dev/2.13/v/missing&quot;}]}&#10;assert 422 == 200&#10; +  where 422 = &lt;Response [422]&gt;.status_code&quot;">E   AssertionError: login failed: 422 {"detail":[{"type":"missing","loc":["body","email"],"msg":"Field required","input":{"password":"zeva-admin-2026"},"url":"https://errors.pydantic.dev/2.13/v/missing"}]}
    assert 422 == 200
     +  where 422 = &lt;Response [422]&gt;.status_code</error></testcase><testcase classname="backend.tests.test_decks_api.TestDeckLifecycle" name="test_patch_empty_payload_returns_422" time="0.000"><error message="failed on setup with &quot;AssertionError: login failed: 422 {&quot;detail&quot;:[{&quot;type&quot;:&quot;missing&quot;,&quot;loc&quot;:[&quot;body&quot;,&quot;email&quot;],&quot;msg&quot;:&quot;Field required&quot;,&quot;input&quot;:{&quot;password&quot;:&quot;zeva-admin-2026&quot;},&quot;url&quot;:&quot;https://errors.pydantic.dev/2.13/v/missing&quot;}]}&#10;assert 422 == 200&#10; +  where 422 = &lt;Response [422]&gt;.status_code&quot;">E   AssertionError: login failed: 422 {"detail":[{"type":"missing","loc":["body","email"],"msg":"Field required","input":{"password":"zeva-admin-2026"},"url":"https://errors.pydantic.dev/2.13/v/missing"}]}
    assert 422 == 200
     +  where 422 = &lt;Response [422]&gt;.status_code</error></testcase><testcase classname="backend.tests.test_decks_api.TestDeckLifecycle" name="test_patch_unknown_id_returns_404" time="0.000"><error message="failed on setup with &quot;AssertionError: login failed: 422 {&quot;detail&quot;:[{&quot;type&quot;:&quot;missing&quot;,&quot;loc&quot;:[&quot;body&quot;,&quot;email&quot;],&quot;msg&quot;:&quot;Field required&quot;,&quot;input&quot;:{&quot;password&quot;:&quot;zeva-admin-2026&quot;},&quot;url&quot;:&quot;https://errors.pydantic.dev/2.13/v/missing&quot;}]}&#10;assert 422 == 200&#10; +  where 422 = &lt;Response [422]&gt;.status_code&quot;">E   AssertionError: login failed: 422 {"detail":[{"type":"missing","loc":["body","email"],"msg":"Field required","input":{"password":"zeva-admin-2026"},"url":"https://errors.pydantic.dev/2.13/v/missing"}]}
    assert 422 == 200
     +  where 422 = &lt;Response [422]&gt;.status_code</error></testcase><testcase classname="backend.tests.test_decks_api.TestDeckLifecycle" name="test_public_get_increments_view_count" time="0.000"><error message="failed on setup with &quot;AssertionError: login failed: 422 {&quot;detail&quot;:[{&quot;type&quot;:&quot;missing&quot;,&quot;loc&quot;:[&quot;body&quot;,&quot;email&quot;],&quot;msg&quot;:&quot;Field required&quot;,&quot;input&quot;:{&quot;password&quot;:&quot;zeva-admin-2026&quot;},&quot;url&quot;:&quot;https://errors.pydantic.dev/2.13/v/missing&quot;}]}&#10;assert 422 == 200&#10; +  where 422 = &lt;Response [422]&gt;.status_code&quot;">E   AssertionError: login failed: 422 {"detail":[{"type":"missing","loc":["body","email"],"msg":"Field required","input":{"password":"zeva-admin-2026"},"url":"https://errors.pydantic.dev/2.13/v/missing"}]}
    assert 422 == 200
     +  where 422 = &lt;Response [422]&gt;.status_code</error></testcase><testcase classname="backend.tests.test_decks_api.TestDeckLifecycle" name="test_public_get_unknown_slug_404" time="0.000"><error message="failed on setup with &quot;AssertionError: login failed: 422 {&quot;detail&quot;:[{&quot;type&quot;:&quot;missing&quot;,&quot;loc&quot;:[&quot;body&quot;,&quot;email&quot;],&quot;msg&quot;:&quot;Field required&quot;,&quot;input&quot;:{&quot;password&quot;:&quot;zeva-admin-2026&quot;},&quot;url&quot;:&quot;https://errors.pydantic.dev/2.13/v/missing&quot;}]}&#10;assert 422 == 200&#10; +  where 422 = &lt;Response [422]&gt;.status_code&quot;">E   AssertionError: login failed: 422 {"detail":[{"type":"missing","loc":["body","email"],"msg":"Field required","input":{"password":"zeva-admin-2026"},"url":"https://errors.pydantic.dev/2.13/v/missing"}]}
    assert 422 == 200
     +  where 422 = &lt;Response [422]&gt;.status_code</error></testcase><testcase classname="backend.tests.test_decks_api.TestDeckLifecycle" name="test_delete_unknown_id_returns_404" time="0.000"><error message="failed on setup with &quot;AssertionError: login failed: 422 {&quot;detail&quot;:[{&quot;type&quot;:&quot;missing&quot;,&quot;loc&quot;:[&quot;body&quot;,&quot;email&quot;],&quot;msg&quot;:&quot;Field required&quot;,&quot;input&quot;:{&quot;password&quot;:&quot;zeva-admin-2026&quot;},&quot;url&quot;:&quot;https://errors.pydantic.dev/2.13/v/missing&quot;}]}&#10;assert 422 == 200&#10; +  where 422 = &lt;Response [422]&gt;.status_code&quot;">E   AssertionError: login failed: 422 {"detail":[{"type":"missing","loc":["body","email"],"msg":"Field required","input":{"password":"zeva-admin-2026"},"url":"https://errors.pydantic.dev/2.13/v/missing"}]}
    assert 422 == 200
     +  where 422 = &lt;Response [422]&gt;.status_code</error></testcase><testcase classname="backend.tests.test_decks_api.TestDeckLifecycle" name="test_delete_deck_and_verify_removal" time="0.000"><error message="failed on setup with &quot;AssertionError: login failed: 422 {&quot;detail&quot;:[{&quot;type&quot;:&quot;missing&quot;,&quot;loc&quot;:[&quot;body&quot;,&quot;email&quot;],&quot;msg&quot;:&quot;Field required&quot;,&quot;input&quot;:{&quot;password&quot;:&quot;zeva-admin-2026&quot;},&quot;url&quot;:&quot;https://errors.pydantic.dev/2.13/v/missing&quot;}]}&#10;assert 422 == 200&#10; +  where 422 = &lt;Response [422]&gt;.status_code&quot;">E   AssertionError: login failed: 422 {"detail":[{"type":"missing","loc":["body","email"],"msg":"Field required","input":{"password":"zeva-admin-2026"},"url":"https://errors.pydantic.dev/2.13/v/missing"}]}
    assert 422 == 200
     +  where 422 = &lt;Response [422]&gt;.status_code</error></testcase></testsuite></testsuites>