<?xml version="1.0" encoding="utf-8"?><testsuites name="pytest tests"><testsuite name="pytest" errors="0" failures="1" skipped="0" tests="24" time="4.419" timestamp="2026-06-12T20:20:31.171744+00:00" hostname="agent-env-75d1ba24-faf0-4575-8ebc-d24182dd4bc5"><testcase classname="backend.tests.test_products_and_content.TestAdminProducts" name="test_admin_list_returns_all_products" time="0.558" /><testcase classname="backend.tests.test_products_and_content.TestAdminProducts" name="test_admin_list_requires_auth" time="0.044" /><testcase classname="backend.tests.test_products_and_content.TestAdminProducts" name="test_admin_list_viewer_forbidden" time="0.589" /><testcase classname="backend.tests.test_products_and_content.TestAdminProducts" name="test_admin_list_editor_allowed" time="0.582" /><testcase classname="backend.tests.test_products_and_content.TestAdminProducts" name="test_create_product_auto_slug" time="0.099" /><testcase classname="backend.tests.test_products_and_content.TestAdminProducts" name="test_create_duplicate_name_increments_slug" time="0.186" /><testcase classname="backend.tests.test_products_and_content.TestAdminProducts" name="test_create_invalid_status_422" time="0.046" /><testcase classname="backend.tests.test_products_and_content.TestAdminProducts" name="test_patch_updates_fields" time="0.138"><failure message="AssertionError: {&quot;detail&quot;:&quot;Product not found&quot;}&#10;assert 404 == 200&#10; +  where 404 = &lt;Response [404]&gt;.status_code">backend/tests/test_products_and_content.py:172: in test_patch_updates_fields
    assert patch.status_code == 200, patch.text
E   AssertionError: {"detail":"Product not found"}
E   assert 404 == 200
E    +  where 404 = &lt;Response [404]&gt;.status_code</failure></testcase><testcase classname="backend.tests.test_products_and_content.TestAdminProducts" name="test_patch_empty_name_422" time="0.156" /><testcase classname="backend.tests.test_products_and_content.TestAdminProducts" name="test_patch_slug_collision_409" time="0.237" /><testcase classname="backend.tests.test_products_and_content.TestAdminProducts" name="test_delete_and_second_delete_404" time="0.141" /><testcase classname="backend.tests.test_products_and_content.TestAdminProducts" name="test_viewer_cannot_create_or_delete" time="0.095" /><testcase classname="backend.tests.test_products_and_content.TestPublicSiteContent" name="test_home_returns_defaults_flat_dict" time="0.051" /><testcase classname="backend.tests.test_products_and_content.TestPublicSiteContent" name="test_each_known_page_returns_200" time="0.282" /><testcase classname="backend.tests.test_products_and_content.TestPublicSiteContent" name="test_unknown_page_404" time="0.047" /><testcase classname="backend.tests.test_products_and_content.TestAdminSiteContent" name="test_requires_auth" time="0.043" /><testcase classname="backend.tests.test_products_and_content.TestAdminSiteContent" name="test_viewer_forbidden" time="0.043" /><testcase classname="backend.tests.test_products_and_content.TestAdminSiteContent" name="test_admin_returns_full_manifest" time="0.047" /><testcase classname="backend.tests.test_products_and_content.TestAdminSiteContent" name="test_editor_can_get" time="0.046" /><testcase classname="backend.tests.test_products_and_content.TestAdminSiteContent" name="test_patch_override_and_reset" time="0.225" /><testcase classname="backend.tests.test_products_and_content.TestAdminSiteContent" name="test_patch_drops_unknown_keys_silently" time="0.097" /><testcase classname="backend.tests.test_products_and_content.TestAdminSiteContent" name="test_patch_unknown_page_404" time="0.046" /><testcase classname="backend.tests.test_products_and_content.TestAdminSiteContent" name="test_viewer_cannot_patch" time="0.045" /><testcase classname="backend.tests.test_products_and_content.TestAdminSiteContent" name="test_editor_can_patch" time="0.286" /></testsuite></testsuites>