<?xml version="1.0" encoding="utf-8"?><testsuites name="pytest tests"><testsuite name="pytest" errors="0" failures="0" skipped="0" tests="12" time="2.932" timestamp="2026-09-02T23:16:28.289866+00:00" hostname="agent-env-75d1ba24-faf0-4575-8ebc-d24182dd4bc5"><testcase classname="tests.test_fixes_98aa6bf" name="test_zz_cleanup_export_fixture" time="0.804" /><testcase classname="tests.test_fixes_98aa6bf" name="test_public_settings_expose_instagram_handle" time="0.117" /><testcase classname="tests.test_corporate_and_admin_v3.TestCorporateInquiry" name="test_corporate_tasting_inquiry_persists_fields" time="0.674" /><testcase classname="tests.test_corporate_and_admin_v3.TestCorporateInquiry" name="test_corporate_proposal_kind" time="0.179" /><testcase classname="tests.test_corporate_and_admin_v3.TestCorporateInquiry" name="test_legacy_inquiry_backward_compatible" time="0.183" /><testcase classname="tests.test_corporate_and_admin_v3.TestCorporateInquiry" name="test_invalid_email_rejected" time="0.058" /><testcase classname="tests.test_corporate_and_admin_v3.TestPagesDuplicate" name="test_create_duplicate_delete" time="0.514" /><testcase classname="tests.test_corporate_and_admin_v3.TestAdminLists" name="test_lists_ok_and_no_mongo_id[waitlist]" time="0.065" /><testcase classname="tests.test_corporate_and_admin_v3.TestAdminLists" name="test_lists_ok_and_no_mongo_id[newsletter]" time="0.063" /><testcase classname="tests.test_corporate_and_admin_v3.TestAdminLists" name="test_lists_ok_and_no_mongo_id[inquiries]" time="0.063" /><testcase classname="tests.test_corporate_and_admin_v3.TestAdminLists" name="test_settings_has_instagram_handle" time="0.068" /><testcase classname="tests.test_corporate_and_admin_v3.TestAdminLists" name="test_unauthenticated_admin_list_blocked" time="0.061" /></testsuite></testsuites>