<?xml version="1.0" encoding="utf-8"?><testsuites name="pytest tests"><testsuite name="pytest" errors="0" failures="0" skipped="0" tests="14" time="1.713" timestamp="2026-05-14T18:51:18.560331+00:00" hostname="agent-env-75d1ba24-faf0-4575-8ebc-d24182dd4bc5"><testcase classname="backend.tests.test_emporio_zeva.TestHealth" name="test_api_root" time="0.360" /><testcase classname="backend.tests.test_emporio_zeva.TestProducts" name="test_list_products" time="0.072" /><testcase classname="backend.tests.test_emporio_zeva.TestProducts" name="test_get_product_by_slug[not-a-salami-classic]" time="0.071" /><testcase classname="backend.tests.test_emporio_zeva.TestProducts" name="test_get_product_by_slug[not-a-salami-gift-board]" time="0.075" /><testcase classname="backend.tests.test_emporio_zeva.TestProducts" name="test_get_product_by_slug[not-a-salami-pistachio]" time="0.085" /><testcase classname="backend.tests.test_emporio_zeva.TestProducts" name="test_get_product_unknown_slug_404" time="0.078" /><testcase classname="backend.tests.test_emporio_zeva.TestProducts" name="test_pistachio_available_false" time="0.075" /><testcase classname="backend.tests.test_emporio_zeva.TestInquiries" name="test_create_inquiry" time="0.178" /><testcase classname="backend.tests.test_emporio_zeva.TestInquiries" name="test_create_inquiry_minimal_fields" time="0.072" /><testcase classname="backend.tests.test_emporio_zeva.TestInquiries" name="test_create_inquiry_invalid_email_422" time="0.077" /><testcase classname="backend.tests.test_emporio_zeva.TestInquiries" name="test_list_inquiries_no_id_leak" time="0.074" /><testcase classname="backend.tests.test_emporio_zeva.TestNewsletter" name="test_subscribe_and_idempotent" time="0.173" /><testcase classname="backend.tests.test_emporio_zeva.TestNewsletter" name="test_subscribe_invalid_email_422" time="0.076" /><testcase classname="backend.tests.test_emporio_zeva.TestNewsletter" name="test_list_newsletter" time="0.072" /></testsuite></testsuites>