<?xml version="1.0" encoding="utf-8"?><testsuites name="pytest tests"><testsuite name="pytest" errors="0" failures="1" skipped="0" tests="14" time="4.734" timestamp="2026-06-12T21:39:19.006886+00:00" hostname="agent-env-75d1ba24-faf0-4575-8ebc-d24182dd4bc5"><testcase classname="backend.tests.test_revisions_and_decks.TestDeckTemplateMode" name="test_create_deck_default_template_mode" time="0.525" /><testcase classname="backend.tests.test_revisions_and_decks.TestDeckTemplateMode" name="test_create_deck_custom_mode_with_overrides" time="0.138" /><testcase classname="backend.tests.test_revisions_and_decks.TestDeckTemplateMode" name="test_create_deck_rejects_invalid_template_mode" time="0.041" /><testcase classname="backend.tests.test_revisions_and_decks.TestDeckTemplateMode" name="test_patch_deck_updates_mode_and_overrides" time="0.178" /><testcase classname="backend.tests.test_revisions_and_decks.TestPageRevisions" name="test_edit_writes_revision" time="0.181" /><testcase classname="backend.tests.test_revisions_and_decks.TestPageRevisions" name="test_get_revision_by_id" time="0.269" /><testcase classname="backend.tests.test_revisions_and_decks.TestPageRevisions" name="test_revert_writes_pre_revert_and_restores" time="0.369" /><testcase classname="backend.tests.test_revisions_and_decks.TestProductRevisions" name="test_revert_does_not_change_slug" time="0.294" /><testcase classname="backend.tests.test_revisions_and_decks.TestSiteContentRevisions" name="test_edit_writes_revision" time="0.048"><failure message="assert 405 == 200&#10; +  where 405 = &lt;Response [405]&gt;.status_code">backend/tests/test_revisions_and_decks.py:311: in test_edit_writes_revision
    assert r0.status_code == 200
E   assert 405 == 200
E    +  where 405 = &lt;Response [405]&gt;.status_code</failure></testcase><testcase classname="backend.tests.test_revisions_and_decks.TestDeckRevisions" name="test_edit_writes_revision_and_revert_preserves_slug_id" time="0.270" /><testcase classname="backend.tests.test_revisions_and_decks.TestRevisionsValidation" name="test_invalid_doc_type_returns_422" time="0.431" /><testcase classname="backend.tests.test_revisions_and_decks.TestRevisionsValidation" name="test_missing_rev_id_returns_404" time="0.178" /><testcase classname="backend.tests.test_revisions_and_decks.TestRevisionsRBAC" name="test_viewer_forbidden" time="0.761" /><testcase classname="backend.tests.test_revisions_and_decks.TestRevisionsRBAC" name="test_editor_allowed" time="0.754" /></testsuite></testsuites>